2026-02-09 18:25:50,405 - INFO - Test Login Started
2026-02-09 18:25:50,405 - INFO - Entering Username
2026-02-09 18:25:52,092 - INFO - Entering Password
2026-02-09 18:25:52,171 - INFO - Clicking Login Button
2026-02-09 18:25:55,535 - INFO - Login Test Passed
2026-02-09 18:26:50,588 - INFO - Test Login Started
2026-02-09 18:26:50,588 - INFO - Entering Username
2026-02-09 18:26:54,393 - INFO - Entering Password
2026-02-09 18:26:54,522 - INFO - Clicking Login Button
2026-02-09 18:26:54,642 - ERROR - Login Test Failed
2026-02-09 18:35:52,093 - INFO - Test Login Started
2026-02-09 18:35:58,381 - INFO - Login Test Passed
2026-02-09 18:36:22,121 - INFO - Test Login Started
2026-02-09 18:36:26,906 - ERROR - Login Test Failed
2026-02-09 18:38:15,766 - INFO - Test Login Started
2026-02-09 18:38:18,373 - ERROR - Login Test Failed
2026-02-09 18:46:29,204 - INFO - Test Login Started
2026-02-09 18:46:38,278 - ERROR - Login Test Failed
2026-02-09 19:04:39,638 - INFO - Test Login Started
2026-02-09 19:04:45,384 - INFO - Login Test Passed
2026-02-09 19:11:14,319 - INFO - Test Login Started
2026-02-09 19:11:17,857 - INFO - Login Test Passed
2026-02-09 19:12:39,704 - INFO - Test Login Started
2026-02-09 19:12:43,336 - INFO - Login Test Passed
2026-02-09 19:30:57,367 - INFO - Test Login Started
2026-02-09 19:30:59,892 - ERROR - Login Test Failed
2026-02-10 07:38:40,774 - INFO - Test Login Started
2026-02-10 07:38:47,972 - INFO - Login Test Passed
2026-02-10 07:50:15,235 - INFO - Test Login Started
2026-02-10 07:50:16,069 - ERROR - Login Test Failed
2026-02-10 07:50:50,458 - INFO - Test Login Started
2026-02-10 07:50:51,998 - ERROR - Login Test Failed
2026-02-10 07:51:42,598 - INFO - Test Login Started
2026-02-10 07:51:48,956 - INFO - Login Test Passed
2026-02-10 08:00:39,479 - INFO - Test Login Started
2026-02-10 08:00:48,093 - INFO - Login Test Passed
2026-02-10 08:04:19,884 - INFO - Test Login Started
2026-02-10 08:04:27,473 - INFO - Login Test Passed
2026-02-10 08:07:25,606 - INFO - Test Login Started
2026-02-10 08:07:33,132 - INFO - Login Test Passed
2026-02-10 08:09:33,332 - INFO - Test Login Started
2026-02-10 08:09:46,299 - INFO - Login Test Passed
2026-02-10 08:12:50,374 - INFO - Test Login Started
2026-02-10 08:12:58,263 - INFO - Login Test Passed
2026-02-10 08:16:13,981 - INFO - Test Login Started
2026-02-10 08:16:21,037 - INFO - Login Test Passed
2026-02-10 08:18:52,613 - INFO - Test Login Started
2026-02-10 08:18:59,434 - INFO - Login Test Passed
2026-02-10 08:37:33,352 - INFO - ********** Starting DDT Login Test **********
2026-02-10 08:37:33,378 - INFO - Testing row 2
2026-02-10 08:37:33,378 - INFO - Username: Admin
2026-02-10 08:37:33,378 - INFO - Expected Result: Valid
2026-02-10 08:37:38,196 - INFO - Test Passed
2026-02-10 18:10:37,341 - INFO - ********** Starting DDT Login Test **********
2026-02-10 18:10:37,365 - INFO - Testing row 2
2026-02-10 18:10:37,365 - INFO - Username: Admin
2026-02-10 18:10:37,365 - INFO - Expected Result: Valid
2026-02-10 18:11:00,994 - INFO - Test Passed
2026-02-10 18:17:37,265 - INFO - ========== Starting DDT Login Test ==========
2026-02-10 18:17:37,287 - INFO - Row 2 | Username: Admin | Expected: Valid
2026-02-10 18:28:08,929 - INFO - ========== Starting DDT Login Test ==========
2026-02-10 18:28:08,950 - INFO - Row 2 | Username: Admin | Expected: Valid
2026-02-10 18:28:17,966 - INFO - Valid login successful
2026-02-10 18:28:26,165 - INFO - Row 3 | Username: Admin | Expected: Valid
2026-02-10 18:28:32,596 - INFO - Valid login successful
2026-02-10 18:28:52,180 - INFO - Row 4 | Username: Admin | Expected: Invalid
2026-02-10 18:29:04,856 - INFO - Invalid login correctly failed
2026-02-10 18:29:04,886 - INFO - Row 5 | Username: WrongUser | Expected: Invalid
2026-02-10 18:29:13,050 - INFO - Invalid login correctly failed
2026-02-10 18:29:13,068 - INFO - ========== DDT Login Test Completed ==========
2026-02-10 21:45:02,104 - INFO - Test Login Started
2026-02-10 21:45:07,186 - ERROR - Login Test Failed
2026-02-10 21:56:15,081 - INFO - Test Login Started
2026-02-10 21:56:27,349 - INFO - Login Test Passed
2026-02-10 22:01:25,232 - INFO - ====== Starting Parametrized Login Test ======
2026-02-10 22:01:25,232 - INFO - Username: Admin
2026-02-10 22:01:25,232 - INFO - Expected: Valid
2026-02-10 22:01:41,395 - INFO - Login Passed
2026-02-10 22:02:21,290 - INFO - ====== Starting Parametrized Login Test ======
2026-02-10 22:02:21,290 - INFO - Username: Admin
2026-02-10 22:02:21,290 - INFO - Expected: Invalid
2026-02-10 22:02:35,892 - INFO - Invalid Login Correct
2026-02-10 22:02:57,521 - INFO - ====== Starting Parametrized Login Test ======
2026-02-10 22:02:57,522 - INFO - Username: WrongUser
2026-02-10 22:02:57,522 - INFO - Expected: Invalid
2026-02-10 22:03:10,514 - INFO - Invalid Login Correct
2026-02-10 22:10:36,748 - INFO - Test Login Started
2026-02-10 22:12:16,291 - INFO - Test Login Started
2026-02-10 22:12:38,521 - INFO - Login Test Passed
2026-02-11 08:21:30,317 - INFO - ====== Starting Parametrized Login Test ======
2026-02-11 08:21:30,318 - INFO - Username: WrongUser
2026-02-11 08:21:30,318 - INFO - Expected: Invalid
2026-02-11 08:21:30,319 - INFO - Test Login Started
2026-02-11 08:21:32,273 - INFO - ====== Starting Parametrized Login Test ======
2026-02-11 08:21:32,274 - INFO - Username: Admin
2026-02-11 08:21:32,274 - INFO - Expected: Valid
2026-02-11 08:21:34,549 - INFO - Login Test Passed
2026-02-11 08:21:35,056 - INFO - Invalid Login Correct
2026-02-11 08:21:38,987 - INFO - Login Passed
2026-02-11 08:21:43,998 - INFO - ========== Starting DDT Login Test ==========
2026-02-11 08:21:44,027 - INFO - Row 2 | Username: Admin | Expected: Valid
2026-02-11 08:21:45,268 - INFO - ====== Starting Parametrized Login Test ======
2026-02-11 08:21:45,268 - INFO - Username: WrongUser
2026-02-11 08:21:45,268 - INFO - Expected: Invalid
2026-02-11 08:21:50,775 - INFO - Invalid Login Correct
2026-02-11 08:21:50,795 - INFO - Valid login successful
2026-02-11 08:21:51,502 - INFO - ====== Starting Parametrized Login Test ======
2026-02-11 08:21:51,503 - INFO - Username: Admin
2026-02-11 08:21:51,503 - INFO - Expected: Invalid
2026-02-11 08:21:54,005 - INFO - Row 3 | Username: Admin | Expected: Valid
2026-02-11 08:21:56,425 - INFO - Invalid Login Correct
2026-02-11 08:21:58,038 - INFO - Valid login successful
2026-02-11 08:22:01,136 - INFO - Row 4 | Username: Admin | Expected: Invalid
2026-02-11 08:22:03,508 - INFO - Invalid login correctly failed
2026-02-11 08:22:03,543 - INFO - Row 5 | Username: WrongUser | Expected: Invalid
2026-02-11 08:22:06,771 - INFO - Invalid login correctly failed
2026-02-11 08:22:06,792 - INFO - ========== DDT Login Test Completed ==========
2026-02-11 08:33:06,683 - INFO - ========== Starting DDT Login Test ==========
2026-02-11 08:33:06,870 - INFO - Row 2 | Username: Admin | Expected: Valid
2026-02-11 08:33:06,877 - INFO - ====== Starting Parametrized Login Test ======
2026-02-11 08:33:06,897 - INFO - Username: WrongUser
2026-02-11 08:33:06,898 - INFO - Expected: Invalid
2026-02-11 08:33:07,617 - INFO - ====== Starting Parametrized Login Test ======
2026-02-11 08:33:07,619 - INFO - Username: Admin
2026-02-11 08:33:07,619 - INFO - Expected: Valid
2026-02-11 08:33:08,113 - INFO - Invalid Login Test Started
2026-02-11 08:33:08,751 - INFO - ====== Starting Parametrized Login Test ======
2026-02-11 08:33:08,759 - INFO - Username: Admin
2026-02-11 08:33:08,759 - INFO - Expected: Invalid
2026-02-11 08:33:10,599 - INFO - Valid login successful
2026-02-11 08:33:12,043 - INFO - ====== Starting Parametrized Login Test ======
2026-02-11 08:33:12,050 - INFO - Username: WrongUser
2026-02-11 08:33:12,050 - INFO - Expected: Invalid
2026-02-11 08:33:12,563 - INFO - Invalid Login Correct
2026-02-11 08:33:13,363 - INFO - Test Login Started
2026-02-11 08:33:13,879 - INFO - Login Passed
2026-02-11 08:33:16,488 - INFO - Invalid Login Correct
2026-02-11 08:33:17,485 - INFO - Invalid Login Correct
2026-02-11 08:33:19,425 - INFO - Row 3 | Username: Admin | Expected: Valid
2026-02-11 08:33:20,388 - INFO - Login Test Passed
2026-02-11 08:33:22,115 - INFO - Valid login successful
2026-02-12 08:02:22,528 - INFO - ====== Starting Parametrized Login Test ======
2026-02-12 08:02:22,529 - INFO - Username: WrongUser
2026-02-12 08:02:22,530 - INFO - Expected: Invalid
2026-02-12 08:02:24,456 - INFO - ====== Starting Parametrized Login Test ======
2026-02-12 08:02:24,469 - INFO - Username: Admin
2026-02-12 08:02:24,470 - INFO - Expected: Valid
2026-02-12 08:02:25,027 - INFO - Invalid Login Test Started
2026-02-12 08:02:26,528 - INFO - ====== Starting Parametrized Login Test ======
2026-02-12 08:02:26,528 - INFO - Username: Admin
2026-02-12 08:02:26,529 - INFO - Expected: Invalid
2026-02-12 08:02:27,037 - INFO - ========== Starting DDT Login Test ==========
2026-02-12 08:02:27,075 - INFO - Row 2 | Username: Admin | Expected: Valid
2026-02-12 08:02:27,953 - INFO - Invalid Login Correct
2026-02-12 08:02:28,199 - INFO - Test Login Started
2026-02-12 08:02:29,976 - INFO - ====== Starting Parametrized Login Test ======
2026-02-12 08:02:29,977 - INFO - Username: WrongUser
2026-02-12 08:02:29,977 - INFO - Expected: Invalid
2026-02-12 08:02:31,770 - INFO - Login Passed
2026-02-12 08:02:32,457 - INFO - Invalid Login Correct
2026-02-12 08:02:34,535 - INFO - Login Test Passed
2026-02-12 08:02:35,810 - INFO - Valid login successful
2026-02-12 08:02:38,722 - INFO - Invalid Login Correct
2026-02-12 08:03:41,454 - INFO - ====== Starting Parametrized Login Test ======
2026-02-12 08:03:41,454 - INFO - Username: WrongUser
2026-02-12 08:03:41,454 - INFO - Expected: Invalid
2026-02-12 08:03:41,538 - INFO - ====== Starting Parametrized Login Test ======
2026-02-12 08:03:41,556 - INFO - Username: Admin
2026-02-12 08:03:41,556 - INFO - Expected: Invalid
2026-02-12 08:03:42,511 - INFO - ========== Starting DDT Login Test ==========
2026-02-12 08:03:42,553 - INFO - Row 2 | Username: Admin | Expected: Valid
2026-02-12 08:03:44,525 - INFO - Invalid Login Test Started
2026-02-12 08:03:47,262 - INFO - Invalid Login Correct
2026-02-12 08:03:47,456 - INFO - Test Login Started
2026-02-12 08:03:47,923 - INFO - Invalid Login Correct
2026-02-12 08:03:49,162 - INFO - ====== Starting Parametrized Login Test ======
2026-02-12 08:03:49,162 - INFO - Username: Admin
2026-02-12 08:03:49,163 - INFO - Expected: Valid
2026-02-12 08:03:49,263 - INFO - ====== Starting Parametrized Login Test ======
2026-02-12 08:03:49,264 - INFO - Username: WrongUser
2026-02-12 08:03:49,264 - INFO - Expected: Invalid
2026-02-12 08:03:49,749 - INFO - Valid login successful
2026-02-12 08:03:53,631 - INFO - Login Test Passed
2026-02-12 08:03:53,856 - INFO - Login Passed
2026-02-12 08:03:55,852 - INFO - Invalid Login Correct
2026-02-12 08:03:56,182 - INFO - Row 3 | Username: Admin | Expected: Valid
2026-02-12 08:04:01,214 - INFO - Valid login successful
2026-02-12 08:04:04,948 - INFO - Row 4 | Username: Admin | Expected: Invalid
2026-02-12 08:04:08,873 - INFO - Invalid login correctly failed
2026-02-12 08:04:08,916 - INFO - Row 5 | Username: WrongUser | Expected: Invalid
2026-02-12 08:04:13,769 - INFO - Invalid login correctly failed
2026-02-12 08:04:13,789 - INFO - ========== DDT Login Test Completed ==========
2026-02-13 07:57:14,684 - INFO - Test Login Started
2026-02-13 07:57:28,379 - INFO - ========== Starting DDT Login Test ==========
2026-02-13 07:57:28,416 - INFO - Row 2 | Username: Admin | Expected: Valid
2026-02-13 07:57:41,906 - INFO - ====== Starting Parametrized Login Test ======
2026-02-13 07:57:41,907 - INFO - Username: Admin
2026-02-13 07:57:41,907 - INFO - Expected: Valid
2026-02-13 07:57:56,135 - INFO - ====== Starting Parametrized Login Test ======
2026-02-13 07:57:56,136 - INFO - Username: Admin
2026-02-13 07:57:56,136 - INFO - Expected: Invalid
2026-02-13 07:58:10,248 - INFO - ====== Starting Parametrized Login Test ======
2026-02-13 07:58:10,249 - INFO - Username: WrongUser
2026-02-13 07:58:10,249 - INFO - Expected: Invalid
2026-02-13 07:58:24,185 - INFO - ====== Starting Parametrized Login Test ======
2026-02-13 07:58:24,186 - INFO - Username: WrongUser
2026-02-13 07:58:24,186 - INFO - Expected: Invalid
2026-02-13 07:58:38,226 - INFO - Invalid Login Test Started
2026-02-13 08:06:31,031 - INFO - Test Login Started
2026-02-13 08:06:35,386 - INFO - Login Test Passed
2026-02-13 08:06:44,181 - INFO - ========== Starting DDT Login Test ==========
2026-02-13 08:06:44,238 - INFO - Row 2 | Username: Admin | Expected: Valid
2026-02-13 08:06:48,720 - INFO - Valid login successful
2026-02-13 08:07:10,268 - INFO - ====== Starting Parametrized Login Test ======
2026-02-13 08:07:10,286 - INFO - Username: Admin
2026-02-13 08:07:10,286 - INFO - Expected: Valid
2026-02-13 08:07:14,380 - INFO - Login Passed
2026-02-13 08:07:35,285 - INFO - ====== Starting Parametrized Login Test ======
2026-02-13 08:07:35,306 - INFO - Username: Admin
2026-02-13 08:07:35,306 - INFO - Expected: Invalid
2026-02-13 08:07:39,372 - INFO - Invalid Login Correct
2026-02-13 08:07:50,908 - INFO - ====== Starting Parametrized Login Test ======
2026-02-13 08:07:50,928 - INFO - Username: WrongUser
2026-02-13 08:07:50,929 - INFO - Expected: Invalid
2026-02-13 08:07:54,972 - INFO - Invalid Login Correct
2026-02-13 08:08:04,479 - INFO - ====== Starting Parametrized Login Test ======
2026-02-13 08:08:04,500 - INFO - Username: WrongUser
2026-02-13 08:08:04,501 - INFO - Expected: Invalid
2026-02-13 08:08:08,374 - INFO - Invalid Login Correct
2026-02-13 08:08:20,414 - INFO - Invalid Login Test Started
2026-02-13 08:10:58,104 - INFO - Test Login Started
2026-02-13 08:11:02,801 - INFO - Login Test Passed
2026-02-13 08:11:11,067 - INFO - ========== Starting DDT Login Test ==========
2026-02-13 08:11:11,092 - INFO - Row 2 | Username: Admin | Expected: Valid
2026-02-13 08:11:16,793 - INFO - Valid login successful
2026-02-13 08:11:20,028 - INFO - Row 3 | Username: Admin | Expected: Valid
2026-02-13 08:11:24,232 - INFO - Valid login successful
2026-02-13 08:11:27,635 - INFO - Row 4 | Username: Admin | Expected: Invalid
2026-02-13 08:11:32,554 - INFO - Invalid login correctly failed
2026-02-13 08:11:32,587 - INFO - Row 5 | Username: WrongUser | Expected: Invalid
2026-02-13 08:11:36,346 - INFO - Invalid login correctly failed
2026-02-13 08:11:36,366 - INFO - ========== DDT Login Test Completed ==========
2026-02-13 08:11:50,429 - INFO - ====== Starting Parametrized Login Test ======
2026-02-13 08:11:50,447 - INFO - Username: Admin
2026-02-13 08:11:50,447 - INFO - Expected: Valid
2026-02-13 08:11:56,255 - INFO - Login Passed
2026-02-13 08:12:07,492 - INFO - ====== Starting Parametrized Login Test ======
2026-02-13 08:12:07,514 - INFO - Username: Admin
2026-02-13 08:12:07,514 - INFO - Expected: Invalid
2026-02-13 08:12:13,931 - INFO - Invalid Login Correct
2026-02-13 08:12:26,376 - INFO - ====== Starting Parametrized Login Test ======
2026-02-13 08:12:26,393 - INFO - Username: WrongUser
2026-02-13 08:12:26,393 - INFO - Expected: Invalid
2026-02-13 08:12:29,956 - INFO - Invalid Login Correct
2026-02-13 08:12:39,548 - INFO - ====== Starting Parametrized Login Test ======
2026-02-13 08:12:39,549 - INFO - Username: WrongUser
2026-02-13 08:12:39,549 - INFO - Expected: Invalid
2026-02-13 08:12:44,694 - INFO - Invalid Login Correct
2026-02-13 08:12:57,355 - INFO - Invalid Login Test Started
2026-02-14 07:40:49,838 - INFO - Test Login Started
2026-02-14 07:40:54,821 - INFO - Login Test Passed
2026-02-14 07:41:03,850 - INFO - ========== Starting DDT Login Test ==========
2026-02-14 07:41:03,884 - INFO - Row 2 | Username: Admin | Expected: Valid
2026-02-14 07:41:09,116 - INFO - Valid login successful
2026-02-14 07:41:16,311 - INFO - Row 3 | Username: Admin | Expected: Valid
2026-02-14 07:41:20,295 - INFO - Valid login successful
2026-02-14 07:41:23,504 - INFO - Row 4 | Username: Admin | Expected: Invalid
2026-02-14 07:41:27,407 - INFO - Invalid login correctly failed
2026-02-14 07:41:27,428 - INFO - Row 5 | Username: WrongUser | Expected: Invalid
2026-02-14 07:41:31,403 - INFO - Invalid login correctly failed
2026-02-14 07:41:31,417 - INFO - ========== DDT Login Test Completed ==========
2026-02-14 07:41:40,100 - INFO - ====== Starting Parametrized Login Test ======
2026-02-14 07:41:40,119 - INFO - Username: Admin
2026-02-14 07:41:40,119 - INFO - Expected: Valid
2026-02-14 07:41:45,197 - INFO - Login Passed
2026-02-14 07:41:55,760 - INFO - ====== Starting Parametrized Login Test ======
2026-02-14 07:41:55,780 - INFO - Username: Admin
2026-02-14 07:41:55,781 - INFO - Expected: Invalid
2026-02-14 07:42:00,867 - INFO - Invalid Login Correct
2026-02-14 07:42:09,212 - INFO - ====== Starting Parametrized Login Test ======
2026-02-14 07:42:09,230 - INFO - Username: WrongUser
2026-02-14 07:42:09,230 - INFO - Expected: Invalid
2026-02-14 07:42:12,817 - INFO - Invalid Login Correct
2026-02-14 07:42:19,857 - INFO - ====== Starting Parametrized Login Test ======
2026-02-14 07:42:19,880 - INFO - Username: WrongUser
2026-02-14 07:42:19,880 - INFO - Expected: Invalid
2026-02-14 07:42:24,771 - INFO - Invalid Login Correct
2026-02-14 07:42:33,700 - INFO - Invalid Login Test Started
2026-02-14 07:51:42,541 - INFO - Test Login Started
2026-02-14 07:51:42,994 - INFO - ====== Starting Parametrized Login Test ======
2026-02-14 07:51:43,011 - INFO - Username: WrongUser
2026-02-14 07:51:43,011 - INFO - Expected: Invalid
2026-02-14 07:51:44,021 - INFO - Invalid Login Test Started
2026-02-14 07:51:45,276 - INFO - ====== Starting Parametrized Login Test ======
2026-02-14 07:51:45,295 - INFO - Username: Admin
2026-02-14 07:51:45,295 - INFO - Expected: Valid
2026-02-14 07:51:47,100 - INFO - Login Test Passed
2026-02-14 07:51:48,199 - INFO - Invalid Login Correct
2026-02-14 07:51:49,490 - INFO - Login Passed
2026-02-14 07:52:01,206 - INFO - ========== Starting DDT Login Test ==========
2026-02-14 07:52:01,250 - INFO - Row 2 | Username: Admin | Expected: Valid
2026-02-14 07:52:01,579 - INFO - ====== Starting Parametrized Login Test ======
2026-02-14 07:52:01,595 - INFO - Username: WrongUser
2026-02-14 07:52:01,595 - INFO - Expected: Invalid
2026-02-14 07:52:02,402 - INFO - ====== Starting Parametrized Login Test ======
2026-02-14 07:52:02,411 - INFO - Username: Admin
2026-02-14 07:52:02,411 - INFO - Expected: Invalid
2026-02-14 07:52:06,700 - INFO - Valid login successful
2026-02-14 07:52:06,746 - INFO - Invalid Login Correct
2026-02-14 07:52:09,548 - INFO - Invalid Login Correct
2026-02-14 07:52:13,631 - INFO - Row 3 | Username: Admin | Expected: Valid
2026-02-14 07:52:17,674 - INFO - Valid login successful
2026-02-14 07:52:20,459 - INFO - Row 4 | Username: Admin | Expected: Invalid
2026-02-14 07:52:24,894 - INFO - Invalid login correctly failed
2026-02-14 07:52:24,934 - INFO - Row 5 | Username: WrongUser | Expected: Invalid
2026-02-14 07:52:28,003 - INFO - Invalid login correctly failed
2026-02-14 07:52:28,017 - INFO - ========== DDT Login Test Completed ==========
2026-02-15 14:01:11,844 - INFO - ====== Starting Parametrized Login Test ======
2026-02-15 14:01:11,846 - INFO - Username: Admin
2026-02-15 14:01:11,847 - INFO - Expected: Valid
2026-02-15 14:01:47,557 - INFO - Login Passed
2026-02-15 14:03:35,535 - INFO - Test Login Started
2026-02-15 14:03:40,339 - INFO - Login Test Passed
2026-02-15 14:03:54,747 - INFO - ========== Starting DDT Login Test ==========
2026-02-15 14:03:54,787 - INFO - Row 2 | Username: Admin | Expected: Valid
2026-02-15 14:04:00,750 - INFO - Valid login successful
2026-02-15 14:04:04,644 - INFO - Row 3 | Username: Admin | Expected: Valid
2026-02-15 14:04:08,903 - INFO - Valid login successful
2026-02-15 14:04:12,181 - INFO - Row 4 | Username: Admin | Expected: Invalid
2026-02-15 14:04:17,542 - INFO - Invalid login correctly failed
2026-02-15 14:04:17,579 - INFO - Row 5 | Username: WrongUser | Expected: Invalid
2026-02-15 14:04:21,271 - INFO - Invalid login correctly failed
2026-02-15 14:04:21,295 - INFO - ========== DDT Login Test Completed ==========
2026-02-15 14:04:42,416 - INFO - ====== Starting Parametrized Login Test ======
2026-02-15 14:04:42,437 - INFO - Username: Admin
2026-02-15 14:04:42,437 - INFO - Expected: Valid
2026-02-15 14:04:48,275 - INFO - Login Passed
2026-02-15 14:05:12,842 - INFO - ====== Starting Parametrized Login Test ======
2026-02-15 14:05:12,861 - INFO - Username: Admin
2026-02-15 14:05:12,862 - INFO - Expected: Invalid
2026-02-15 14:05:18,778 - INFO - Invalid Login Correct
2026-02-15 14:05:37,168 - INFO - ====== Starting Parametrized Login Test ======
2026-02-15 14:05:37,185 - INFO - Username: WrongUser
2026-02-15 14:05:37,186 - INFO - Expected: Invalid
2026-02-15 14:05:43,016 - INFO - Invalid Login Correct
2026-02-15 16:39:00,905 - INFO - Test Login Started
2026-02-15 16:39:10,908 - INFO - Login Test Passed
2026-02-15 16:39:23,505 - INFO - ========== Starting DDT Login Test ==========
2026-02-15 16:39:23,549 - INFO - Row 2 | Username: Admin | Expected: Valid
2026-02-15 16:39:31,450 - INFO - Valid login successful
2026-02-15 16:39:52,693 - INFO - ====== Starting Parametrized Login Test ======
2026-02-15 16:39:52,708 - INFO - Username: Admin
2026-02-15 16:39:52,711 - INFO - Expected: Valid
2026-02-15 16:39:56,697 - INFO - Login Passed
2026-02-15 16:40:11,217 - INFO - ====== Starting Parametrized Login Test ======
2026-02-15 16:40:11,235 - INFO - Username: Admin
2026-02-15 16:40:11,236 - INFO - Expected: Invalid
2026-02-15 16:40:14,897 - INFO - Invalid Login Correct
2026-02-15 16:40:24,479 - INFO - ====== Starting Parametrized Login Test ======
2026-02-15 16:40:24,480 - INFO - Username: WrongUser
2026-02-15 16:40:24,480 - INFO - Expected: Invalid
2026-02-15 16:40:29,046 - INFO - Invalid Login Correct
2026-02-15 16:40:39,395 - INFO - ====== Starting Parametrized Login Test ======
2026-02-15 16:40:39,402 - INFO - Username: WrongUser
2026-02-15 16:40:39,403 - INFO - Expected: Invalid
2026-02-15 16:40:43,104 - INFO - Invalid Login Correct
2026-02-15 16:40:53,607 - INFO - Invalid Login Test Started
2026-02-16 10:46:36,502 - INFO - Test Login Started
2026-02-16 10:46:41,000 - INFO - Login Test Passed
2026-02-16 10:46:51,413 - INFO - ========== Starting DDT Login Test ==========
2026-02-16 10:46:51,449 - INFO - Row 2 | Username: Admin | Expected: Valid
2026-02-16 10:46:58,471 - INFO - Valid login successful
2026-02-16 10:47:06,987 - INFO - Row 3 | Username: Admin | Expected: Valid
2026-02-16 10:47:12,518 - INFO - Valid login successful
2026-02-16 10:47:32,782 - INFO - ====== Starting Parametrized Login Test ======
2026-02-16 10:47:32,782 - INFO - Username: Admin
2026-02-16 10:47:32,802 - INFO - Expected: Valid
2026-02-16 10:47:47,402 - INFO - Login Passed
2026-02-16 10:48:07,617 - INFO - ====== Starting Parametrized Login Test ======
2026-02-16 10:48:07,636 - INFO - Username: Admin
2026-02-16 10:48:07,636 - INFO - Expected: Invalid
2026-02-16 10:48:15,784 - INFO - Invalid Login Correct
2026-02-16 10:48:32,809 - INFO - ====== Starting Parametrized Login Test ======
2026-02-16 10:48:32,828 - INFO - Username: WrongUser
2026-02-16 10:48:32,828 - INFO - Expected: Invalid
2026-02-16 10:48:37,718 - INFO - Invalid Login Correct
2026-02-16 10:48:46,409 - INFO - ====== Starting Parametrized Login Test ======
2026-02-16 10:48:46,428 - INFO - Username: WrongUser
2026-02-16 10:48:46,428 - INFO - Expected: Invalid
2026-02-16 10:48:56,640 - INFO - Invalid Login Correct
2026-02-16 10:49:06,931 - INFO - Invalid Login Test Started
2026-02-16 10:57:14,037 - INFO - Test Login Started
2026-02-16 10:57:20,260 - INFO - Login Test Passed
2026-02-16 10:57:29,458 - INFO - ========== Starting DDT Login Test ==========
2026-02-16 10:57:29,475 - INFO - Row 2 | Username: Admin | Expected: Valid
2026-02-16 10:57:37,811 - INFO - Valid login successful
2026-02-16 10:57:48,931 - INFO - Row 3 | Username: Admin | Expected: Valid
2026-02-16 10:57:53,752 - INFO - Valid login successful
2026-02-16 10:58:18,185 - INFO - ====== Starting Parametrized Login Test ======
2026-02-16 10:58:18,203 - INFO - Username: Admin
2026-02-16 10:58:18,203 - INFO - Expected: Valid
2026-02-16 10:58:37,625 - INFO - Login Passed
2026-02-16 10:59:05,310 - INFO - ====== Starting Parametrized Login Test ======
2026-02-16 10:59:05,330 - INFO - Username: Admin
2026-02-16 10:59:05,330 - INFO - Expected: Invalid
2026-02-16 10:59:21,317 - INFO - Invalid Login Correct
2026-02-16 10:59:37,453 - INFO - ====== Starting Parametrized Login Test ======
2026-02-16 10:59:37,458 - INFO - Username: WrongUser
2026-02-16 10:59:37,459 - INFO - Expected: Invalid
2026-02-16 10:59:50,154 - INFO - Invalid Login Correct
2026-02-16 11:00:18,642 - INFO - ====== Starting Parametrized Login Test ======
2026-02-16 11:00:18,661 - INFO - Username: WrongUser
2026-02-16 11:00:18,661 - INFO - Expected: Invalid
2026-02-16 11:00:34,577 - INFO - Invalid Login Correct
2026-02-16 11:00:45,890 - INFO - Invalid Login Test Started
2026-02-16 11:10:53,379 - INFO - Test Login Started
2026-02-16 11:10:58,106 - INFO - Login Test Passed
2026-02-16 11:11:08,526 - INFO - ========== Starting DDT Login Test ==========
2026-02-16 11:11:08,546 - INFO - Row 2 | Username: Admin | Expected: Valid
2026-02-16 11:11:18,183 - INFO - Valid login successful
2026-02-16 11:11:33,049 - INFO - Row 3 | Username: Admin | Expected: Valid
2026-02-16 11:11:38,059 - INFO - Valid login successful
2026-02-16 11:11:50,813 - INFO - Row 4 | Username: Admin | Expected: Invalid
2026-02-16 11:11:54,262 - INFO - Invalid login correctly failed
2026-02-16 11:11:54,289 - INFO - Row 5 | Username: WrongUser | Expected: Invalid
2026-02-16 11:11:57,523 - INFO - Invalid login correctly failed
2026-02-16 11:11:57,545 - INFO - ========== DDT Login Test Completed ==========
2026-02-16 11:12:17,172 - INFO - ====== Starting Parametrized Login Test ======
2026-02-16 11:12:17,173 - INFO - Username: Admin
2026-02-16 11:12:17,173 - INFO - Expected: Valid
2026-02-16 11:12:23,603 - INFO - Login Passed
2026-02-16 11:12:36,092 - INFO - ====== Starting Parametrized Login Test ======
2026-02-16 11:12:36,092 - INFO - Username: Admin
2026-02-16 11:12:36,093 - INFO - Expected: Invalid
2026-02-16 11:12:40,778 - INFO - Invalid Login Correct
2026-02-16 11:12:49,080 - INFO - ====== Starting Parametrized Login Test ======
2026-02-16 11:12:49,080 - INFO - Username: WrongUser
2026-02-16 11:12:49,080 - INFO - Expected: Invalid
2026-02-16 11:12:52,941 - INFO - Invalid Login Correct
2026-02-16 11:13:01,838 - INFO - ====== Starting Parametrized Login Test ======
2026-02-16 11:13:01,839 - INFO - Username: WrongUser
2026-02-16 11:13:01,839 - INFO - Expected: Invalid
2026-02-16 11:13:09,359 - INFO - Invalid Login Correct
2026-02-16 11:13:19,823 - INFO - Invalid Login Test Started
2026-02-16 20:07:01,588 - INFO - Test Buzz Post Creation Started
2026-02-16 20:10:08,859 - INFO - Test Buzz Post Creation Started
2026-02-16 20:12:38,072 - INFO - Test Buzz Post Creation Started
2026-02-16 20:29:55,083 - INFO - Test Buzz Post Creation Started
2026-02-16 20:31:37,644 - INFO - Test Buzz Post Creation Started
2026-02-16 20:31:55,910 - ERROR - Buzz Post Creation Failed
2026-02-16 21:13:11,328 - INFO - Test Buzz Post Creation Started
2026-02-16 21:13:30,433 - ERROR - Buzz Post Creation Failed
2026-02-16 21:21:46,640 - INFO - Test Buzz Post Creation Started
2026-02-16 21:23:49,859 - INFO - Test Buzz Post Creation Started
2026-02-16 21:23:56,490 - INFO - Buzz Post Button Clicked Successfully
2026-02-16 22:25:04,728 - INFO - Test Login Started
2026-02-16 22:25:10,568 - INFO - Login Test Passed
2026-02-16 22:25:42,391 - INFO - ========== Starting DDT Login Test ==========
2026-02-16 22:25:42,437 - INFO - Row 2 | Username: Admin | Expected: Valid
2026-02-16 22:25:49,969 - INFO - Valid login successful
2026-02-16 22:27:00,332 - INFO - ====== Starting Parametrized Login Test ======
2026-02-16 22:27:00,352 - INFO - Username: Admin
2026-02-16 22:27:00,353 - INFO - Expected: Invalid
2026-02-16 22:27:07,565 - INFO - Invalid Login Correct
2026-02-17 07:50:26,638 - INFO - Test Login Started
2026-02-17 07:50:30,968 - INFO - Login Test Passed
2026-02-17 07:50:38,329 - INFO - ========== Starting DDT Login Test ==========
2026-02-17 07:50:38,356 - INFO - Row 2 | Username: Admin | Expected: Valid
2026-02-17 07:50:41,863 - INFO - Valid login successful
2026-02-17 07:50:48,612 - INFO - Row 3 | Username: Admin | Expected: Valid
2026-02-17 07:50:52,993 - INFO - Valid login successful
2026-02-17 07:50:56,122 - INFO - Row 4 | Username: Admin | Expected: Invalid
2026-02-17 07:51:00,989 - INFO - Invalid login correctly failed
2026-02-17 07:51:01,022 - INFO - Row 5 | Username: WrongUser | Expected: Invalid
2026-02-17 07:51:04,863 - INFO - Invalid login correctly failed
2026-02-17 07:51:04,884 - INFO - ========== DDT Login Test Completed ==========
2026-02-17 07:51:12,219 - INFO - ====== Starting Parametrized Login Test ======
2026-02-17 07:51:12,220 - INFO - Username: Admin
2026-02-17 07:51:12,220 - INFO - Expected: Valid
2026-02-17 07:51:17,460 - INFO - Login Passed
2026-02-17 07:51:26,226 - INFO - ====== Starting Parametrized Login Test ======
2026-02-17 07:51:26,247 - INFO - Username: Admin
2026-02-17 07:51:26,247 - INFO - Expected: Invalid
2026-02-17 07:51:31,531 - INFO - Invalid Login Correct
2026-02-17 07:51:38,859 - INFO - ====== Starting Parametrized Login Test ======
2026-02-17 07:51:38,879 - INFO - Username: WrongUser
2026-02-17 07:51:38,880 - INFO - Expected: Invalid
2026-02-17 07:51:43,820 - INFO - Invalid Login Correct
2026-02-17 07:51:53,658 - INFO - ====== Starting Parametrized Login Test ======
2026-02-17 07:51:53,659 - INFO - Username: WrongUser
2026-02-17 07:51:53,659 - INFO - Expected: Invalid
2026-02-17 07:51:58,978 - INFO - Invalid Login Correct
2026-02-17 07:52:06,356 - INFO - Invalid Login Test Started
2026-02-17 08:09:53,044 - INFO - Test Buzz Post Creation Started
2026-02-17 08:10:00,509 - INFO - Buzz Post Button Clicked Successfully
2026-02-17 08:38:15,319 - INFO - ====== Starting Parametrized Login Test ======
2026-02-17 08:38:15,321 - INFO - Username: Admin
2026-02-17 08:38:15,322 - INFO - Expected: Valid
2026-02-17 08:38:15,323 - INFO - Test Login Started
2026-02-17 08:38:23,692 - INFO - Login Test Passed
2026-02-17 08:38:25,642 - INFO - Login Passed
2026-02-17 08:38:31,333 - INFO - ========== Starting DDT Login Test ==========
2026-02-17 08:38:31,361 - INFO - Row 2 | Username: Admin | Expected: Valid
2026-02-17 08:38:35,075 - INFO - ====== Starting Parametrized Login Test ======
2026-02-17 08:38:35,094 - INFO - Username: Admin
2026-02-17 08:38:35,094 - INFO - Expected: Invalid
2026-02-17 08:38:41,967 - INFO - Valid login successful
2026-02-17 08:38:44,892 - INFO - Invalid Login Correct
2026-02-17 08:38:53,084 - INFO - ====== Starting Parametrized Login Test ======
2026-02-17 08:38:53,105 - INFO - Username: WrongUser
2026-02-17 08:38:53,105 - INFO - Expected: Invalid
2026-02-17 08:38:55,657 - INFO - Row 3 | Username: Admin | Expected: Valid
2026-02-17 08:38:59,316 - INFO - Invalid Login Correct
2026-02-17 08:39:00,084 - INFO - Valid login successful
2026-02-17 08:39:06,796 - INFO - Invalid Login Test Started
2026-02-17 08:39:26,624 - INFO - ====== Starting Parametrized Login Test ======
2026-02-17 08:39:26,642 - INFO - Username: WrongUser
2026-02-17 08:39:26,642 - INFO - Expected: Invalid
2026-02-17 08:39:35,649 - INFO - Invalid Login Correct
2026-02-17 08:40:12,499 - INFO - Test Buzz Post Creation Started
2026-02-17 08:40:19,892 - INFO - Buzz Post Button Clicked Successfully
2026-02-18 07:52:58,271 - INFO - Test Login Started
2026-02-18 07:53:04,375 - INFO - Login Test Passed
2026-02-18 07:53:16,560 - INFO - ========== Starting DDT Login Test ==========
2026-02-18 07:53:16,601 - INFO - Row 2 | Username: Admin | Expected: Valid
2026-02-18 07:53:21,942 - INFO - Valid login successful
2026-02-18 07:53:25,141 - INFO - Row 3 | Username: Admin | Expected: Valid
2026-02-18 07:53:29,017 - INFO - Valid login successful
2026-02-18 07:53:32,289 - INFO - Row 4 | Username: Admin | Expected: Invalid
2026-02-18 07:53:36,352 - INFO - Invalid login correctly failed
2026-02-18 07:53:36,386 - INFO - Row 5 | Username: WrongUser | Expected: Invalid
2026-02-18 07:53:40,148 - INFO - Invalid login correctly failed
2026-02-18 07:53:40,169 - INFO - ========== DDT Login Test Completed ==========
2026-02-18 07:53:48,200 - INFO - ====== Starting Parametrized Login Test ======
2026-02-18 07:53:48,200 - INFO - Username: Admin
2026-02-18 07:53:48,200 - INFO - Expected: Valid
2026-02-18 07:53:53,539 - INFO - Login Passed
2026-02-18 07:54:02,317 - INFO - ====== Starting Parametrized Login Test ======
2026-02-18 07:54:02,317 - INFO - Username: Admin
2026-02-18 07:54:02,317 - INFO - Expected: Invalid
2026-02-18 07:54:07,623 - INFO - Invalid Login Correct
2026-02-18 07:54:16,995 - INFO - ====== Starting Parametrized Login Test ======
2026-02-18 07:54:16,996 - INFO - Username: WrongUser
2026-02-18 07:54:16,996 - INFO - Expected: Invalid
2026-02-18 07:54:21,973 - INFO - Invalid Login Correct
2026-02-18 07:54:28,889 - INFO - ====== Starting Parametrized Login Test ======
2026-02-18 07:54:28,908 - INFO - Username: WrongUser
2026-02-18 07:54:28,909 - INFO - Expected: Invalid
2026-02-18 07:54:35,076 - INFO - Invalid Login Correct
2026-02-18 07:54:42,094 - INFO - Invalid Login Test Started
2026-02-18 07:56:04,734 - INFO - Test Buzz Post Creation Started
2026-02-18 07:56:11,606 - INFO - Buzz Post Button Clicked Successfully
2026-02-18 07:58:13,250 - INFO - Invalid Login Test Started
2026-02-18 07:58:13,631 - INFO - ========== Starting DDT Login Test ==========
2026-02-18 07:58:13,675 - INFO - Row 2 | Username: Admin | Expected: Valid
2026-02-18 07:58:13,814 - INFO - Test Login Started
2026-02-18 07:58:15,087 - INFO - ====== Starting Parametrized Login Test ======
2026-02-18 07:58:15,097 - INFO - Username: Admin
2026-02-18 07:58:15,097 - INFO - Expected: Valid
2026-02-18 07:58:18,976 - INFO - Login Test Passed
2026-02-18 07:58:19,891 - INFO - Valid login successful
2026-02-18 07:58:20,873 - INFO - Login Passed
2026-02-18 07:58:23,319 - INFO - Row 3 | Username: Admin | Expected: Valid
2026-02-18 07:58:27,519 - INFO - Valid login successful
2026-02-18 07:58:30,662 - INFO - Row 4 | Username: Admin | Expected: Invalid
2026-02-18 07:58:33,224 - INFO - ====== Starting Parametrized Login Test ======
2026-02-18 07:58:33,242 - INFO - Username: Admin
2026-02-18 07:58:33,242 - INFO - Expected: Invalid
2026-02-18 07:58:34,571 - INFO - Invalid login correctly failed
2026-02-18 07:58:34,612 - INFO - Row 5 | Username: WrongUser | Expected: Invalid
2026-02-18 07:58:38,959 - INFO - Invalid login correctly failed
2026-02-18 07:58:38,981 - INFO - ========== DDT Login Test Completed ==========
2026-02-18 07:58:39,044 - INFO - Invalid Login Correct
2026-02-18 07:58:49,838 - INFO - ====== Starting Parametrized Login Test ======
2026-02-18 07:58:49,858 - INFO - Username: WrongUser
2026-02-18 07:58:49,859 - INFO - Expected: Invalid
2026-02-18 07:58:57,972 - INFO - Invalid Login Correct
2026-02-18 07:59:00,916 - INFO - Test Buzz Post Creation Started
2026-02-18 07:59:06,751 - INFO - ====== Starting Parametrized Login Test ======
2026-02-18 07:59:06,769 - INFO - Username: WrongUser
2026-02-18 07:59:06,770 - INFO - Expected: Invalid
2026-02-18 07:59:13,844 - INFO - Invalid Login Correct
2026-02-18 07:59:16,441 - INFO - Buzz Post Button Clicked Successfully
2026-02-18 07:59:52,535 - INFO - Test Login Started
2026-02-18 07:59:57,264 - INFO - ====== Starting Parametrized Login Test ======
2026-02-18 07:59:57,280 - INFO - Username: Admin
2026-02-18 07:59:57,280 - INFO - Expected: Valid
2026-02-18 07:59:59,658 - INFO - Invalid Login Test Started
2026-02-18 08:00:00,988 - INFO - Login Passed
2026-02-18 08:00:01,668 - INFO - Login Test Passed
2026-02-18 08:00:03,847 - INFO - ========== Starting DDT Login Test ==========
2026-02-18 08:00:03,935 - INFO - Row 2 | Username: Admin | Expected: Valid
2026-02-18 08:00:09,740 - INFO - Valid login successful
2026-02-18 08:00:13,970 - INFO - Row 3 | Username: Admin | Expected: Valid
2026-02-18 08:00:18,156 - INFO - Valid login successful
2026-02-18 08:00:21,326 - INFO - Row 4 | Username: Admin | Expected: Invalid
2026-02-18 08:00:23,069 - INFO - Test Buzz Post Creation Started
2026-02-18 08:00:23,645 - INFO - ====== Starting Parametrized Login Test ======
2026-02-18 08:00:23,661 - INFO - Username: Admin
2026-02-18 08:00:23,662 - INFO - Expected: Invalid
2026-02-18 08:00:25,502 - INFO - Invalid login correctly failed
2026-02-18 08:00:25,561 - INFO - Row 5 | Username: WrongUser | Expected: Invalid
2026-02-18 08:00:29,377 - INFO - Invalid login correctly failed
2026-02-18 08:00:29,402 - INFO - ========== DDT Login Test Completed ==========
2026-02-18 08:00:29,765 - INFO - Invalid Login Correct
2026-02-18 08:00:30,255 - INFO - Buzz Post Button Clicked Successfully
2026-02-18 08:00:37,924 - INFO - ====== Starting Parametrized Login Test ======
2026-02-18 08:00:37,944 - INFO - Username: WrongUser
2026-02-18 08:00:37,945 - INFO - Expected: Invalid
2026-02-18 08:00:47,641 - INFO - Invalid Login Correct
2026-02-18 08:00:58,197 - INFO - ====== Starting Parametrized Login Test ======
2026-02-18 08:00:58,214 - INFO - Username: WrongUser
2026-02-18 08:00:58,214 - INFO - Expected: Invalid
2026-02-18 08:01:02,240 - INFO - Invalid Login Correct
2026-02-18 08:01:40,953 - INFO - ====== Starting Parametrized Login Test ======
2026-02-18 08:01:40,975 - INFO - Username: Admin
2026-02-18 08:01:40,976 - INFO - Expected: Valid
2026-02-18 08:01:41,868 - INFO - Test Login Started
2026-02-18 08:01:42,411 - INFO - Invalid Login Test Started
2026-02-18 08:01:44,689 - INFO - Login Passed
2026-02-18 08:01:45,230 - INFO - ========== Starting DDT Login Test ==========
2026-02-18 08:01:45,276 - INFO - Row 2 | Username: Admin | Expected: Valid
2026-02-18 08:01:48,239 - INFO - Login Test Passed
2026-02-18 08:01:49,969 - INFO - Valid login successful
2026-02-18 08:01:58,395 - INFO - Row 3 | Username: Admin | Expected: Valid
2026-02-18 08:02:00,951 - INFO - ====== Starting Parametrized Login Test ======
2026-02-18 08:02:00,969 - INFO - Username: Admin
2026-02-18 08:02:00,970 - INFO - Expected: Invalid
2026-02-18 08:02:02,981 - INFO - Valid login successful
2026-02-18 08:02:09,190 - INFO - Invalid Login Correct
2026-02-18 08:02:12,664 - INFO - Row 4 | Username: Admin | Expected: Invalid
2026-02-18 08:02:15,751 - INFO - Invalid login correctly failed
2026-02-18 08:02:15,846 - INFO - Row 5 | Username: WrongUser | Expected: Invalid
2026-02-18 08:02:20,780 - INFO - Invalid login correctly failed
2026-02-18 08:02:20,806 - INFO - ========== DDT Login Test Completed ==========
2026-02-18 08:02:26,194 - INFO - ====== Starting Parametrized Login Test ======
2026-02-18 08:02:26,206 - INFO - Username: WrongUser
2026-02-18 08:02:26,208 - INFO - Expected: Invalid
2026-02-18 08:02:28,613 - INFO - Test Buzz Post Creation Started
2026-02-18 08:02:30,449 - INFO - Invalid Login Correct
2026-02-18 08:02:37,963 - INFO - Buzz Post Button Clicked Successfully
2026-02-18 08:02:41,227 - INFO - ====== Starting Parametrized Login Test ======
2026-02-18 08:02:41,247 - INFO - Username: WrongUser
2026-02-18 08:02:41,247 - INFO - Expected: Invalid
2026-02-18 08:02:48,447 - INFO - Invalid Login Correct
2026-02-18 08:31:37,915 - INFO - ====== Invalid Login Test Started ======
2026-02-18 08:31:38,682 - INFO - ====== Login Test Started ======
2026-02-18 08:31:38,700 - INFO - Username: Admin | Expected: Valid
2026-02-18 08:31:40,051 - INFO - Test Login Started
2026-02-18 08:31:42,434 - INFO - ====== Invalid Login Test Passed ======
2026-02-18 08:31:44,462 - INFO - Test Login Completed Successfully
2026-02-18 08:31:46,816 - INFO - ====== Login Test Completed ======
2026-02-18 08:31:51,176 - INFO - ====== Login Test Started ======
2026-02-18 08:31:51,177 - INFO - Username: Admin | Expected: Invalid
2026-02-18 08:32:04,278 - INFO - ====== Login Test Completed ======
2026-02-18 08:32:15,105 - INFO - ====== Login Test Started ======
2026-02-18 08:32:15,106 - INFO - Username: WrongUser | Expected: Invalid
2026-02-18 08:32:18,229 - INFO - ====== Login Test Completed ======
2026-02-18 08:32:25,424 - INFO - ====== Buzz Post Test Started ======
2026-02-18 08:32:27,926 - INFO - ====== Login Test Started ======
2026-02-18 08:32:27,962 - INFO - Username: WrongUser | Expected: Invalid
2026-02-18 08:32:33,895 - INFO - ====== Login Test Completed ======
2026-02-18 08:36:55,630 - INFO - ====== Buzz Post Test Started ======
2026-02-18 18:29:53,796 - INFO - ====== Buzz Post Test Started ======
2026-02-18 18:36:10,798 - INFO - ====== Buzz Post Test Started ======
2026-02-18 18:36:18,850 - INFO - ====== Buzz Post Test Passed ======
2026-02-18 18:54:56,142 - INFO - ====== Login Test Started ======
2026-02-18 18:54:56,144 - INFO - Username: Admin | Expected: Valid
2026-02-18 18:55:16,845 - INFO - ====== Login Test Completed ======
2026-02-18 18:55:29,369 - INFO - ====== Login Test Started ======
2026-02-18 18:55:29,388 - INFO - Username: Admin | Expected: Invalid
2026-02-18 18:55:51,468 - INFO - ====== Login Test Completed ======
2026-02-18 19:00:02,119 - INFO - ====== Buzz Post Test Started ======
2026-02-18 19:00:31,809 - INFO - ====== Buzz Post Test Passed ======
2026-02-18 19:18:23,717 - INFO - Test Login Started
2026-02-18 19:18:28,441 - INFO - Test Login Completed Successfully
2026-02-18 19:19:24,197 - INFO - ====== Login Test Started ======
2026-02-18 19:19:24,218 - INFO - Username: Admin | Expected: Valid
2026-02-18 19:19:38,741 - INFO - ====== Login Test Completed ======
2026-02-18 19:19:48,971 - INFO - ====== Login Test Started ======
2026-02-18 19:19:48,992 - INFO - Username: Admin | Expected: Invalid
2026-02-18 19:19:52,132 - INFO - ====== Login Test Completed ======
2026-02-18 19:20:02,397 - INFO - ====== Login Test Started ======
2026-02-18 19:20:02,415 - INFO - Username: WrongUser | Expected: Invalid
2026-02-18 19:20:05,827 - INFO - ====== Login Test Completed ======
2026-02-18 19:20:16,641 - INFO - ====== Login Test Started ======
2026-02-18 19:20:16,659 - INFO - Username: WrongUser | Expected: Invalid
2026-02-18 19:20:20,474 - INFO - ====== Login Test Completed ======
2026-02-18 19:24:34,609 - INFO - Test Login Started
2026-02-18 19:24:39,188 - INFO - Test Login Completed Successfully
2026-02-18 19:26:33,663 - INFO - ====== Login Test Started ======
2026-02-18 19:26:33,683 - INFO - Username: Admin | Expected: Valid
2026-02-18 19:26:49,317 - INFO - ====== Login Test Started ======
2026-02-18 19:26:49,337 - INFO - Username: Admin | Expected: Invalid
2026-02-18 19:26:53,093 - INFO - ====== Login Test Completed ======
2026-02-18 19:27:04,147 - INFO - ====== Login Test Started ======
2026-02-18 19:27:04,165 - INFO - Username: WrongUser | Expected: Invalid
2026-02-18 19:27:07,516 - INFO - ====== Login Test Completed ======
2026-02-18 19:27:16,071 - INFO - ====== Login Test Started ======
2026-02-18 19:27:16,071 - INFO - Username: WrongUser | Expected: Invalid
2026-02-18 19:27:19,238 - INFO - ====== Login Test Completed ======
2026-02-18 19:27:27,001 - INFO - ====== Invalid Login Test Started ======
2026-02-18 19:27:32,351 - INFO - ====== Invalid Login Test Passed ======
2026-02-18 19:29:09,657 - INFO - ====== Buzz Post Test Started ======
2026-02-18 19:29:33,728 - INFO - ====== Buzz Post Test Passed ======
2026-02-18 19:33:47,007 - INFO - ====== Login Test Started ======
2026-02-18 19:33:47,007 - INFO - Username: Admin | Expected: Valid
2026-02-18 19:34:00,458 - INFO - Valid login successful
2026-02-18 19:34:23,338 - INFO - ====== Login Test Completed ======
2026-02-18 19:34:38,375 - INFO - ====== Login Test Started ======
2026-02-18 19:34:38,396 - INFO - Username: Admin | Expected: Invalid
2026-02-18 19:34:56,089 - INFO - Invalid login validation successful
2026-02-18 19:34:56,089 - INFO - ====== Login Test Completed ======
2026-02-18 19:35:11,855 - INFO - ====== Login Test Started ======
2026-02-18 19:35:11,874 - INFO - Username: WrongUser | Expected: Invalid
2026-02-18 19:35:22,122 - INFO - Invalid login validation successful
2026-02-18 19:35:22,123 - INFO - ====== Login Test Completed ======
2026-02-18 19:35:35,895 - INFO - ====== Login Test Started ======
2026-02-18 19:35:35,913 - INFO - Username: WrongUser | Expected: Invalid
2026-02-18 19:35:41,094 - INFO - Invalid login validation successful
2026-02-18 19:35:41,094 - INFO - ====== Login Test Completed ======
2026-02-18 19:50:43,651 - INFO - Test Login Started
2026-02-18 19:56:53,107 - INFO - ====== Login Test Started ======
2026-02-18 19:56:53,109 - INFO - Username: Admin | Expected: Invalid
2026-02-18 19:57:06,929 - INFO - Test Login Started
2026-02-18 19:57:13,661 - INFO - Test Login Completed Successfully
2026-02-18 19:57:25,101 - INFO - Invalid login validation successful
2026-02-18 19:57:25,101 - INFO - ====== Login Test Completed ======
2026-02-18 19:57:30,892 - INFO - ====== Login Test Started ======
2026-02-18 19:57:30,910 - INFO - Username: Admin | Expected: Valid
2026-02-18 19:57:46,929 - INFO - Valid login successful
2026-02-18 19:57:50,233 - INFO - ====== Login Test Started ======
2026-02-18 19:57:50,239 - INFO - Username: WrongUser | Expected: Invalid
2026-02-18 19:57:59,691 - INFO - Invalid login validation successful
2026-02-18 19:57:59,692 - INFO - ====== Login Test Completed ======
2026-02-18 19:58:01,073 - INFO - ====== Login Test Completed ======
2026-02-18 19:58:19,861 - INFO - ====== Login Test Started ======
2026-02-18 19:58:19,862 - INFO - Username: WrongUser | Expected: Invalid
2026-02-18 19:58:30,319 - INFO - Invalid login validation successful
2026-02-18 19:58:30,320 - INFO - ====== Login Test Completed ======
2026-02-18 19:58:36,297 - INFO - ====== Invalid Login Test Started ======
2026-02-18 19:58:44,558 - INFO - ====== Invalid Login Test Passed ======
2026-02-18 19:59:02,554 - INFO - ====== Buzz Post Test Started ======
2026-02-18 19:59:33,827 - INFO - ====== Buzz Post Test Passed ======
2026-02-18 20:51:05,923 - INFO - Test Login Started
2026-02-18 20:51:10,800 - INFO - Test Login Completed Successfully
2026-02-18 20:54:32,301 - INFO - Test Login Started
2026-02-18 20:54:39,473 - INFO - Test Login Completed Successfully
